<?xml version="1.0" encoding="UTF-8"?>
<testsuite xmlns:xsi="http://www.w3.org/2001/XMLSchema-instance" xsi:noNamespaceSchemaLocation="https://maven.apache.org/surefire/maven-surefire-plugin/xsd/surefire-test-report-3.0.xsd" version="3.0" name="com.exo.combinaisonTest" time="0.03" tests="9" errors="0" skipped="0" failures="0">
  <properties>
[...]
</properties>
  <testcase name="shouldDetectStraightFlush" classname="com.exo.combinaisonTest" time="0.006"/>
  <testcase name="shouldReturnBestFiveCards" classname="com.exo.combinaisonTest" time="0.01"/>
  <testcase name="shouldDetectFlush" classname="com.exo.combinaisonTest" time="0.001"/>
  <testcase name="shouldDetectOnePair" classname="com.exo.combinaisonTest" time="0.003"/>
  <testcase name="shouldDetectTwoPair" classname="com.exo.combinaisonTest" time="0.002"/>
  <testcase name="shouldDetectFourOfKind" classname="com.exo.combinaisonTest" time="0.002"/>
  <testcase name="shouldDetectFullHouse" classname="com.exo.combinaisonTest" time="0.0"/>
  <testcase name="shouldDetectThreeOfKind" classname="com.exo.combinaisonTest" time="0.002"/>
  <testcase name="shouldDetectStraight" classname="com.exo.combinaisonTest" time="0.0"/>
</testsuite>